# JRE version: OpenJDK Runtime Environment (8.0_242-b01) (build 1.8.0_242-release-1644-b01)
# Java VM: OpenJDK 64-Bit Server VM (25.242-b01 mixed mode windows-amd64 compressed oops)
Heap:
 PSYoungGen      total 275456K, used 209068K [0x00000000eab00000, 0x0000000100000000, 0x0000000100000000)
  eden space 259072K, 80% used [0x00000000eab00000,0x00000000f772b2a0,0x00000000fa800000)
  from space 16384K, 0% used [0x00000000fa800000,0x00000000fa800000,0x00000000fb800000)
  to   space 15360K, 0% used [0x00000000ff100000,0x00000000ff100000,0x0000000100000000)
 ParOldGen       total 72192K, used 14379K [0x00000000c0000000, 0x00000000c4680000, 0x00000000eab00000)
  object space 72192K, 19% used [0x00000000c0000000,0x00000000c0e0ae68,0x00000000c4680000)
 Metaspace       used 44177K, capacity 45964K, committed 46296K, reserved 1089536K
  class space    used 5965K, capacity 6369K, committed 6400K, reserved 1048576K
GC Heap History (10 events):
Event: 29.972 GC heap before
{Heap before GC invocations=5 (full 0):
 PSYoungGen      total 138240K, used 12818K [0x00000000eab00000, 0x00000000f3700000, 0x0000000100000000)
  eden space 133120K, 5% used [0x00000000eab00000,0x00000000eb28b7c8,0x00000000f2d00000)
  from space 5120K, 99% used [0x00000000f3200000,0x00000000f36f9050,0x00000000f3700000)
  to   space 5120K, 0% used [0x00000000f2d00000,0x00000000f2d00000,0x00000000f3200000)
 ParOldGen       total 87552K, used 10546K [0x00000000c0000000, 0x00000000c5580000, 0x00000000eab00000)
  object space 87552K, 12% used [0x00000000c0000000,0x00000000c0a4cb70,0x00000000c5580000)
 Metaspace       used 20606K, capacity 21192K, committed 21248K, reserved 1067008K
  class space    used 2869K, capacity 3044K, committed 3072K, reserved 1048576K
Event: 29.980 GC heap after
Heap after GC invocations=5 (full 0):
 PSYoungGen      total 138240K, used 5088K [0x00000000eab00000, 0x00000000fc800000, 0x0000000100000000)
  eden space 133120K, 0% used [0x00000000eab00000,0x00000000eab00000,0x00000000f2d00000)
  from space 5120K, 99% used [0x00000000f2d00000,0x00000000f31f8030,0x00000000f3200000)
  to   space 12800K, 0% used [0x00000000fbb80000,0x00000000fbb80000,0x00000000fc800000)
 ParOldGen       total 87552K, used 10943K [0x00000000c0000000, 0x00000000c5580000, 0x00000000eab00000)
  object space 87552K, 12% used [0x00000000c0000000,0x00000000c0aafd20,0x00000000c5580000)
 Metaspace       used 20606K, capacity 21192K, committed 21248K, reserved 1067008K
  class space    used 2869K, capacity 3044K, committed 3072K, reserved 1048576K
}
Event: 29.980 GC heap before
{Heap before GC invocations=6 (full 1):
 PSYoungGen      total 138240K, used 5088K [0x00000000eab00000, 0x00000000fc800000, 0x0000000100000000)
  eden space 133120K, 0% used [0x00000000eab00000,0x00000000eab00000,0x00000000f2d00000)
  from space 5120K, 99% used [0x00000000f2d00000,0x00000000f31f8030,0x00000000f3200000)
  to   space 12800K, 0% used [0x00000000fbb80000,0x00000000fbb80000,0x00000000fc800000)
 ParOldGen       total 87552K, used 10943K [0x00000000c0000000, 0x00000000c5580000, 0x00000000eab00000)
  object space 87552K, 12% used [0x00000000c0000000,0x00000000c0aafd20,0x00000000c5580000)
 Metaspace       used 20606K, capacity 21192K, committed 21248K, reserved 1067008K
  class space    used 2869K, capacity 3044K, committed 3072K, reserved 1048576K
Event: 30.088 GC heap after
Heap after GC invocations=6 (full 1):
 PSYoungGen      total 138240K, used 0K [0x00000000eab00000, 0x00000000fc800000, 0x0000000100000000)
  eden space 133120K, 0% used [0x00000000eab00000,0x00000000eab00000,0x00000000f2d00000)
  from space 5120K, 0% used [0x00000000f2d00000,0x00000000f2d00000,0x00000000f3200000)
  to   space 12800K, 0% used [0x00000000fbb80000,0x00000000fbb80000,0x00000000fc800000)
 ParOldGen       total 53760K, used 6967K [0x00000000c0000000, 0x00000000c3480000, 0x00000000eab00000)
  object space 53760K, 12% used [0x00000000c0000000,0x00000000c06cdc40,0x00000000c3480000)
 Metaspace       used 20606K, capacity 21192K, committed 21248K, reserved 1067008K
  class space    used 2869K, capacity 3044K, committed 3072K, reserved 1048576K
}
Event: 45.095 GC heap before
{Heap before GC invocations=7 (full 1):
 PSYoungGen      total 138240K, used 133120K [0x00000000eab00000, 0x00000000fc800000, 0x0000000100000000)
  eden space 133120K, 100% used [0x00000000eab00000,0x00000000f2d00000,0x00000000f2d00000)
  from space 5120K, 0% used [0x00000000f2d00000,0x00000000f2d00000,0x00000000f3200000)
  to   space 12800K, 0% used [0x00000000fbb80000,0x00000000fbb80000,0x00000000fc800000)
 ParOldGen       total 53760K, used 6967K [0x00000000c0000000, 0x00000000c3480000, 0x00000000eab00000)
  object space 53760K, 12% used [0x00000000c0000000,0x00000000c06cdc40,0x00000000c3480000)
 Metaspace       used 32926K, capacity 33946K, committed 34304K, reserved 1079296K
  class space    used 4493K, capacity 4755K, committed 4864K, reserved 1048576K
Event: 45.114 GC heap after
Heap after GC invocations=7 (full 1):
 PSYoungGen      total 250880K, used 12797K [0x00000000eab00000, 0x00000000fc800000, 0x0000000100000000)
  eden space 238080K, 0% used [0x00000000eab00000,0x00000000eab00000,0x00000000f9380000)
  from space 12800K, 99% used [0x00000000fbb80000,0x00000000fc7ff718,0x00000000fc800000)
  to   space 16384K, 0% used [0x00000000fa800000,0x00000000fa800000,0x00000000fb800000)
 ParOldGen       total 53760K, used 8493K [0x00000000c0000000, 0x00000000c3480000, 0x00000000eab00000)
  object space 53760K, 15% used [0x00000000c0000000,0x00000000c084b5d0,0x00000000c3480000)
 Metaspace       used 32926K, capacity 33946K, committed 34304K, reserved 1079296K
  class space    used 4493K, capacity 4755K, committed 4864K, reserved 1048576K
}
Event: 46.673 GC heap before
{Heap before GC invocations=8 (full 1):
 PSYoungGen      total 250880K, used 39399K [0x00000000eab00000, 0x00000000fc800000, 0x0000000100000000)
  eden space 238080K, 11% used [0x00000000eab00000,0x00000000ec4fa670,0x00000000f9380000)
  from space 12800K, 99% used [0x00000000fbb80000,0x00000000fc7ff718,0x00000000fc800000)
  to   space 16384K, 0% used [0x00000000fa800000,0x00000000fa800000,0x00000000fb800000)
 ParOldGen       total 53760K, used 8493K [0x00000000c0000000, 0x00000000c3480000, 0x00000000eab00000)
  object space 53760K, 15% used [0x00000000c0000000,0x00000000c084b5d0,0x00000000c3480000)
 Metaspace       used 34236K, capacity 35316K, committed 35416K, reserved 1079296K
  class space    used 4708K, capacity 4969K, committed 4992K, reserved 1048576K
Event: 46.683 GC heap after
Heap after GC invocations=8 (full 1):
 PSYoungGen      total 275456K, used 7966K [0x00000000eab00000, 0x0000000100000000, 0x0000000100000000)
  eden space 259072K, 0% used [0x00000000eab00000,0x00000000eab00000,0x00000000fa800000)
  from space 16384K, 48% used [0x00000000fa800000,0x00000000fafc7a38,0x00000000fb800000)
  to   space 15360K, 0% used [0x00000000ff100000,0x00000000ff100000,0x0000000100000000)
 ParOldGen       total 53760K, used 8501K [0x00000000c0000000, 0x00000000c3480000, 0x00000000eab00000)
  object space 53760K, 15% used [0x00000000c0000000,0x00000000c084d5d0,0x00000000c3480000)
 Metaspace       used 34236K, capacity 35316K, committed 35416K, reserved 1079296K
  class space    used 4708K, capacity 4969K, committed 4992K, reserved 1048576K
}
Event: 46.683 GC heap before
{Heap before GC invocations=9 (full 2):
 PSYoungGen      total 275456K, used 7966K [0x00000000eab00000, 0x0000000100000000, 0x0000000100000000)
  eden space 259072K, 0% used [0x00000000eab00000,0x00000000eab00000,0x00000000fa800000)
  from space 16384K, 48% used [0x00000000fa800000,0x00000000fafc7a38,0x00000000fb800000)
  to   space 15360K, 0% used [0x00000000ff100000,0x00000000ff100000,0x0000000100000000)
 ParOldGen       total 53760K, used 8501K [0x00000000c0000000, 0x00000000c3480000, 0x00000000eab00000)
  object space 53760K, 15% used [0x00000000c0000000,0x00000000c084d5d0,0x00000000c3480000)
 Metaspace       used 34236K, capacity 35316K, committed 35416K, reserved 1079296K
  class space    used 4708K, capacity 4969K, committed 4992K, reserved 1048576K
Event: 46.781 GC heap after
Heap after GC invocations=9 (full 2):
 PSYoungGen      total 275456K, used 0K [0x00000000eab00000, 0x0000000100000000, 0x0000000100000000)
  eden space 259072K, 0% used [0x00000000eab00000,0x00000000eab00000,0x00000000fa800000)
  from space 16384K, 0% used [0x00000000fa800000,0x00000000fa800000,0x00000000fb800000)
  to   space 15360K, 0% used [0x00000000ff100000,0x00000000ff100000,0x0000000100000000)
 ParOldGen       total 72192K, used 14379K [0x00000000c0000000, 0x00000000c4680000, 0x00000000eab00000)
  object space 72192K, 19% used [0x00000000c0000000,0x00000000c0e0ae68,0x00000000c4680000)
 Metaspace       used 34236K, capacity 35316K, committed 35416K, reserved 1079296K
  class space    used 4708K, capacity 4969K, committed 4992K, reserved 1048576K
}

